1691575998.308080 client started (34038): version 3.2a, socket /tmp/tmux-1000/default, protocol 8
1691575998.308097 on Linux 6.4.6-76060406-generic #202307241739~1690928105~22.04~d567a38 SMP PREEMPT_DYNAMIC Tue A
1691575998.308100 using libevent 2.1.12-stable (poll); ncurses 6.3
1691575998.308114 flags are 0x10010000
1691575998.308116 socket is /tmp/tmux-1000/default
1691575998.308124 trying connect
1691575998.308167 add peer 0x55716a7ff7a0: 6 ((nil))
1691575998.308325 sending message 100 to peer 0x55716a7ff7a0 (4 bytes)
1691575998.308330 sending message 111 to peer 0x55716a7ff7a0 (8 bytes)
1691575998.308332 sending message 101 to peer 0x55716a7ff7a0 (16 bytes)
1691575998.308335 sending message 109 to peer 0x55716a7ff7a0 (4 bytes)
1691575998.308337 sending message 102 to peer 0x55716a7ff7a0 (11 bytes)
1691575998.308339 sending message 108 to peer 0x55716a7ff7a0 (26 bytes)
1691575998.308342 sending message 112 to peer 0x55716a7ff7a0 (70 bytes)
1691575998.308345 sending message 112 to peer 0x55716a7ff7a0 (5 bytes)
1691575998.308347 sending message 112 to peer 0x55716a7ff7a0 (5 bytes)
1691575998.308349 sending message 112 to peer 0x55716a7ff7a0 (6 bytes)
1691575998.308352 sending message 112 to peer 0x55716a7ff7a0 (6 bytes)
1691575998.308354 sending message 112 to peer 0x55716a7ff7a0 (11 bytes)
1691575998.308357 sending message 112 to peer 0x55716a7ff7a0 (10 bytes)
1691575998.308359 sending message 112 to peer 0x55716a7ff7a0 (13 bytes)
1691575998.308361 sending message 112 to peer 0x55716a7ff7a0 (13 bytes)
1691575998.308364 sending message 112 to peer 0x55716a7ff7a0 (18 bytes)
1691575998.308366 sending message 112 to peer 0x55716a7ff7a0 (11 bytes)
1691575998.308369 sending message 112 to peer 0x55716a7ff7a0 (21 bytes)
1691575998.308371 sending message 112 to peer 0x55716a7ff7a0 (13 bytes)
1691575998.308374 sending message 112 to peer 0x55716a7ff7a0 (7 bytes)
1691575998.308376 sending message 112 to peer 0x55716a7ff7a0 (13 bytes)
1691575998.308379 sending message 112 to peer 0x55716a7ff7a0 (7 bytes)
1691575998.308381 sending message 112 to peer 0x55716a7ff7a0 (13 bytes)
1691575998.308383 sending message 112 to peer 0x55716a7ff7a0 (9 bytes)
1691575998.308386 sending message 112 to peer 0x55716a7ff7a0 (21 bytes)
1691575998.308388 sending message 112 to peer 0x55716a7ff7a0 (13 bytes)
1691575998.308391 sending message 112 to peer 0x55716a7ff7a0 (8 bytes)
1691575998.308393 sending message 112 to peer 0x55716a7ff7a0 (12 bytes)
1691575998.308395 sending message 112 to peer 0x55716a7ff7a0 (13 bytes)
1691575998.308398 sending message 112 to peer 0x55716a7ff7a0 (9 bytes)
1691575998.308400 sending message 112 to peer 0x55716a7ff7a0 (9 bytes)
1691575998.308402 sending message 112 to peer 0x55716a7ff7a0 (12 bytes)
1691575998.308405 sending message 112 to peer 0x55716a7ff7a0 (8 bytes)
1691575998.308407 sending message 112 to peer 0x55716a7ff7a0 (7 bytes)
1691575998.308409 sending message 112 to peer 0x55716a7ff7a0 (7 bytes)
1691575998.308412 sending message 112 to peer 0x55716a7ff7a0 (9 bytes)
1691575998.308414 sending message 112 to peer 0x55716a7ff7a0 (13 bytes)
1691575998.308417 sending message 112 to peer 0x55716a7ff7a0 (9 bytes)
1691575998.308419 sending message 112 to peer 0x55716a7ff7a0 (15 bytes)
1691575998.308421 sending message 112 to peer 0x55716a7ff7a0 (13 bytes)
1691575998.308424 sending message 112 to peer 0x55716a7ff7a0 (12 bytes)
1691575998.308426 sending message 112 to peer 0x55716a7ff7a0 (8 bytes)
1691575998.308428 sending message 112 to peer 0x55716a7ff7a0 (14 bytes)
1691575998.308431 sending message 112 to peer 0x55716a7ff7a0 (9 bytes)
1691575998.308433 sending message 112 to peer 0x55716a7ff7a0 (10 bytes)
1691575998.308435 sending message 112 to peer 0x55716a7ff7a0 (10 bytes)
1691575998.308438 sending message 112 to peer 0x55716a7ff7a0 (10 bytes)
1691575998.308440 sending message 112 to peer 0x55716a7ff7a0 (10 bytes)
1691575998.308443 sending message 112 to peer 0x55716a7ff7a0 (11 bytes)
1691575998.308445 sending message 112 to peer 0x55716a7ff7a0 (10 bytes)
1691575998.308447 sending message 112 to peer 0x55716a7ff7a0 (8 bytes)
1691575998.308454 sending message 112 to peer 0x55716a7ff7a0 (11 bytes)
1691575998.308457 sending message 112 to peer 0x55716a7ff7a0 (11 bytes)
1691575998.308459 sending message 112 to peer 0x55716a7ff7a0 (11 bytes)
1691575998.308462 sending message 112 to peer 0x55716a7ff7a0 (8 bytes)
1691575998.308464 sending message 112 to peer 0x55716a7ff7a0 (8 bytes)
1691575998.308467 sending message 112 to peer 0x55716a7ff7a0 (8 bytes)
1691575998.308469 sending message 112 to peer 0x55716a7ff7a0 (10 bytes)
1691575998.308471 sending message 112 to peer 0x55716a7ff7a0 (10 bytes)
1691575998.308474 sending message 112 to peer 0x55716a7ff7a0 (10 bytes)
1691575998.308476 sending message 112 to peer 0x55716a7ff7a0 (10 bytes)
1691575998.308478 sending message 112 to peer 0x55716a7ff7a0 (10 bytes)
1691575998.308481 sending message 112 to peer 0x55716a7ff7a0 (11 bytes)
1691575998.308483 sending message 112 to peer 0x55716a7ff7a0 (11 bytes)
1691575998.308486 sending message 112 to peer 0x55716a7ff7a0 (10 bytes)
1691575998.308488 sending message 112 to peer 0x55716a7ff7a0 (9 bytes)
1691575998.308491 sending message 112 to peer 0x55716a7ff7a0 (9 bytes)
1691575998.308493 sending message 112 to peer 0x55716a7ff7a0 (12 bytes)
1691575998.308496 sending message 112 to peer 0x55716a7ff7a0 (9 bytes)
1691575998.308498 sending message 112 to peer 0x55716a7ff7a0 (6 bytes)
1691575998.308501 sending message 112 to peer 0x55716a7ff7a0 (13 bytes)
1691575998.308503 sending message 112 to peer 0x55716a7ff7a0 (8 bytes)
1691575998.308505 sending message 112 to peer 0x55716a7ff7a0 (15 bytes)
1691575998.308508 sending message 112 to peer 0x55716a7ff7a0 (13 bytes)
1691575998.308510 sending message 112 to peer 0x55716a7ff7a0 (70 bytes)
1691575998.308513 sending message 112 to peer 0x55716a7ff7a0 (69 bytes)
1691575998.308515 sending message 112 to peer 0x55716a7ff7a0 (10 bytes)
1691575998.308518 sending message 112 to peer 0x55716a7ff7a0 (8 bytes)
1691575998.308520 sending message 112 to peer 0x55716a7ff7a0 (15 bytes)
1691575998.308522 sending message 112 to peer 0x55716a7ff7a0 (13 bytes)
1691575998.308525 sending message 112 to peer 0x55716a7ff7a0 (10 bytes)
1691575998.308527 sending message 112 to peer 0x55716a7ff7a0 (10 bytes)
1691575998.308529 sending message 112 to peer 0x55716a7ff7a0 (5 bytes)
1691575998.308532 sending message 112 to peer 0x55716a7ff7a0 (15 bytes)
1691575998.308535 sending message 104 to peer 0x55716a7ff7a0 (0 bytes)
1691575998.308538 sending message 110 to peer 0x55716a7ff7a0 (0 bytes)
1691575998.308541 sending message 107 to peer 0x55716a7ff7a0 (4 bytes)
1691575998.308544 sending message 105 to peer 0x55716a7ff7a0 (36 bytes)
1691575998.308546 sending message 105 to peer 0x55716a7ff7a0 (20 bytes)
1691575998.308548 sending message 105 to peer 0x55716a7ff7a0 (54 bytes)
1691575998.308551 sending message 105 to peer 0x55716a7ff7a0 (48 bytes)
1691575998.308553 sending message 105 to peer 0x55716a7ff7a0 (20 bytes)
1691575998.308556 sending message 105 to peer 0x55716a7ff7a0 (11 bytes)
1691575998.308558 sending message 105 to peer 0x55716a7ff7a0 (40 bytes)
1691575998.308560 sending message 105 to peer 0x55716a7ff7a0 (12 bytes)
1691575998.308563 sending message 105 to peer 0x55716a7ff7a0 (15 bytes)
1691575998.308565 sending message 105 to peer 0x55716a7ff7a0 (12 bytes)
1691575998.308568 sending message 105 to peer 0x55716a7ff7a0 (44 bytes)
1691575998.308570 sending message 105 to peer 0x55716a7ff7a0 (29 bytes)
1691575998.308572 sending message 105 to peer 0x55716a7ff7a0 (86 bytes)
1691575998.308575 sending message 105 to peer 0x55716a7ff7a0 (30 bytes)
1691575998.308578 sending message 105 to peer 0x55716a7ff7a0 (52 bytes)
1691575998.308580 sending message 105 to peer 0x55716a7ff7a0 (30 bytes)
1691575998.308583 sending message 105 to peer 0x55716a7ff7a0 (19 bytes)
1691575998.308585 sending message 105 to peer 0x55716a7ff7a0 (28 bytes)
1691575998.308587 sending message 105 to peer 0x55716a7ff7a0 (18 bytes)
1691575998.308590 sending message 105 to peer 0x55716a7ff7a0 (17 bytes)
1691575998.308592 sending message 105 to peer 0x55716a7ff7a0 (8 bytes)
1691575998.308597 sending message 105 to peer 0x55716a7ff7a0 (15 bytes)
1691575998.308600 sending message 105 to peer 0x55716a7ff7a0 (32 bytes)
1691575998.308602 sending message 105 to peer 0x55716a7ff7a0 (1519 bytes)
1691575998.308613 sending message 105 to peer 0x55716a7ff7a0 (51 bytes)
1691575998.308615 sending message 105 to peer 0x55716a7ff7a0 (16 bytes)
1691575998.308618 sending message 105 to peer 0x55716a7ff7a0 (26 bytes)
1691575998.308620 sending message 105 to peer 0x55716a7ff7a0 (33 bytes)
1691575998.308623 sending message 105 to peer 0x55716a7ff7a0 (24 bytes)
1691575998.308625 sending message 105 to peer 0x55716a7ff7a0 (11 bytes)
1691575998.308627 sending message 105 to peer 0x55716a7ff7a0 (469 bytes)
1691575998.308630 sending message 105 to peer 0x55716a7ff7a0 (53 bytes)
1691575998.308632 sending message 105 to peer 0x55716a7ff7a0 (30 bytes)
1691575998.308635 sending message 105 to peer 0x55716a7ff7a0 (19 bytes)
1691575998.308637 sending message 105 to peer 0x55716a7ff7a0 (18 bytes)
1691575998.308639 sending message 105 to peer 0x55716a7ff7a0 (44 bytes)
1691575998.308642 sending message 105 to peer 0x55716a7ff7a0 (82 bytes)
1691575998.308644 sending message 105 to peer 0x55716a7ff7a0 (19 bytes)
1691575998.308647 sending message 105 to peer 0x55716a7ff7a0 (8 bytes)
1691575998.308649 sending message 105 to peer 0x55716a7ff7a0 (33 bytes)
1691575998.308652 sending message 105 to peer 0x55716a7ff7a0 (41 bytes)
1691575998.308654 sending message 105 to peer 0x55716a7ff7a0 (22 bytes)
1691575998.308657 sending message 105 to peer 0x55716a7ff7a0 (21 bytes)
1691575998.308659 sending message 105 to peer 0x55716a7ff7a0 (18 bytes)
1691575998.308661 sending message 105 to peer 0x55716a7ff7a0 (26 bytes)
1691575998.308664 sending message 105 to peer 0x55716a7ff7a0 (35 bytes)
1691575998.308666 sending message 105 to peer 0x55716a7ff7a0 (13 bytes)
1691575998.308669 sending message 105 to peer 0x55716a7ff7a0 (53 bytes)
1691575998.308671 sending message 105 to peer 0x55716a7ff7a0 (21 bytes)
1691575998.308674 sending message 105 to peer 0x55716a7ff7a0 (12 bytes)
1691575998.308676 sending message 105 to peer 0x55716a7ff7a0 (16 bytes)
1691575998.308678 sending message 105 to peer 0x55716a7ff7a0 (17 bytes)
1691575998.308681 sending message 105 to peer 0x55716a7ff7a0 (13 bytes)
1691575998.308683 sending message 105 to peer 0x55716a7ff7a0 (41 bytes)
1691575998.308686 sending message 105 to peer 0x55716a7ff7a0 (42 bytes)
1691575998.308688 sending message 105 to peer 0x55716a7ff7a0 (37 bytes)
1691575998.308691 sending message 105 to peer 0x55716a7ff7a0 (30 bytes)
1691575998.308693 sending message 105 to peer 0x55716a7ff7a0 (178 bytes)
1691575998.308696 sending message 105 to peer 0x55716a7ff7a0 (23 bytes)
1691575998.308698 sending message 105 to peer 0x55716a7ff7a0 (31 bytes)
1691575998.308701 sending message 105 to peer 0x55716a7ff7a0 (23 bytes)
1691575998.308703 sending message 105 to peer 0x55716a7ff7a0 (24 bytes)
1691575998.308705 sending message 105 to peer 0x55716a7ff7a0 (21 bytes)
1691575998.308708 sending message 105 to peer 0x55716a7ff7a0 (20 bytes)
1691575998.308710 sending message 105 to peer 0x55716a7ff7a0 (28 bytes)
1691575998.308713 sending message 105 to peer 0x55716a7ff7a0 (16 bytes)
1691575998.308715 sending message 106 to peer 0x55716a7ff7a0 (0 bytes)
1691575998.308718 sending message 200 to peer 0x55716a7ff7a0 (4 bytes)
1691575998.308721 client loop enter
1691575998.309025 peer 0x55716a7ff7a0 message 303
1691575998.309031 open write file 2 -
1691575998.309037 sending message 305 to peer 0x55716a7ff7a0 (8 bytes)
1691575998.309047 write check file 2
1691575998.309174 peer 0x55716a7ff7a0 message 304
1691575998.309180 write 58 to file 2
1691575998.309183 peer 0x55716a7ff7a0 message 203
1691575998.309186 file 2 58 bytes left
1691575998.309195 write check file 2
1691575998.309197 client loop exit
